NotePad-master/app/build/intermediates/manifest_merge_blame_file/debug/manifest-merger-blame-debug-report.txt
1<?xml version="1.0" encoding="utf-8"?>
2<!--
3 Copyright (C) 2007 The Android Open Source Project
4
5     Licensed under the Apache License, Version 2.0 (the "License");
6     you may not use this file except in compliance with the License.
7     You may obtain a copy of the License at
8
9          http://www.apache.org/licenses/LICENSE-2.0
10
11     Unless required by applicable law or agreed to in writing, software
12     distributed under the License is distributed on an "AS IS" BASIS,
13     WITHOUT WARRANTIES OR CONDITIONS OF ANY KIND, either express or implied.
14     See the License for the specific language governing permissions and
15     limitations under the License.
16-->
17<!--
18 Declare the contents of this Android application.  The namespace
19     attribute brings in the Android platform namespace, and the package
20     supplies a unique name for the application.  When writing your
21     own application, the package name must be changed from "com.example.*"
22     to come from a domain that you own or have control over.
23-->
24<manifest xmlns:android="http://schemas.android.com/apk/res/android"
25    package="com.example.android.notepad" >
26
27    <uses-sdk
28        android:minSdkVersion="21"
28-->src\main\AndroidManifest.xml
29        android:targetSdkVersion="32" />
29-->src\main\AndroidManifest.xml
30
31    <application
31-->src\main\AndroidManifest.xml:26:5-130:19
32        android:debuggable="true"
33        android:icon="@drawable/app_notes"
33-->src\main\AndroidManifest.xml:26:18-52
34        android:label="@string/app_name"
34-->src\main\AndroidManifest.xml:27:9-41
35        android:testOnly="true" >
36        <provider
36-->src\main\AndroidManifest.xml:29:9-33:20
37            android:name="com.example.android.notepad.NotePadProvider"
37-->src\main\AndroidManifest.xml:29:19-49
38            android:authorities="com.google.provider.NotePad"
38-->src\main\AndroidManifest.xml:30:13-62
39            android:exported="false" >
39-->src\main\AndroidManifest.xml:31:13-37
40            <grant-uri-permission android:pathPattern=".*" />
40-->src\main\AndroidManifest.xml:32:13-62
40-->src\main\AndroidManifest.xml:32:35-59
41        </provider>
42
43        <activity
43-->src\main\AndroidManifest.xml:35:9-54:20
44            android:name="com.example.android.notepad.NotesList"
44-->src\main\AndroidManifest.xml:35:19-43
45            android:exported="true"
45-->src\main\AndroidManifest.xml:35:85-108
46            android:label="@string/title_notes_list"
46-->src\main\AndroidManifest.xml:35:44-84
47            android:theme="@android:style/Theme.Holo.Light" >
47-->src\main\AndroidManifest.xml:36:13-60
48            <intent-filter>
48-->src\main\AndroidManifest.xml:37:13-40:29
49                <action android:name="android.intent.action.MAIN" />
49-->src\main\AndroidManifest.xml:38:17-69
49-->src\main\AndroidManifest.xml:38:25-66
50
51                <category android:name="android.intent.category.LAUNCHER" />
51-->src\main\AndroidManifest.xml:39:17-77
51-->src\main\AndroidManifest.xml:39:27-74
52            </intent-filter>
53            <intent-filter android:scheme="http" >
53-->src\main\AndroidManifest.xml:41:13-48:29
53-->src\main\AndroidManifest.xml:41:28-49
54                <action android:name="android.intent.action.VIEW" />
54-->src\main\AndroidManifest.xml:43:17-69
54-->src\main\AndroidManifest.xml:43:25-66
55                <action android:name="android.intent.action.EDIT" />
55-->src\main\AndroidManifest.xml:44:17-69
55-->src\main\AndroidManifest.xml:44:25-66
56                <action android:name="android.intent.action.PICK" />
56-->src\main\AndroidManifest.xml:45:17-69
56-->src\main\AndroidManifest.xml:45:25-66
57
58                <category android:name="android.intent.category.DEFAULT" />
58-->src\main\AndroidManifest.xml:46:17-76
58-->src\main\AndroidManifest.xml:46:27-73
59
60                <data android:mimeType="vnd.android.cursor.dir/vnd.google.note" />
60-->src\main\AndroidManifest.xml:47:17-83
60-->src\main\AndroidManifest.xml:47:23-80
61            </intent-filter>
62            <intent-filter>
62-->src\main\AndroidManifest.xml:49:13-53:29
63                <action android:name="android.intent.action.GET_CONTENT" />
63-->src\main\AndroidManifest.xml:50:17-76
63-->src\main\AndroidManifest.xml:50:25-73
64
65                <category android:name="android.intent.category.DEFAULT" />
65-->src\main\AndroidManifest.xml:46:17-76
65-->src\main\AndroidManifest.xml:46:27-73
66
67                <data android:mimeType="vnd.android.cursor.item/vnd.google.note" />
67-->src\main\AndroidManifest.xml:47:17-83
67-->src\main\AndroidManifest.xml:47:23-80
68            </intent-filter>
69        </activity>
70        <activity
70-->src\main\AndroidManifest.xml:56:9-85:20
71            android:name="com.example.android.notepad.NoteEditor"
71-->src\main\AndroidManifest.xml:56:19-44
72            android:configChanges="keyboardHidden|orientation"
72-->src\main\AndroidManifest.xml:59:13-63
73            android:exported="true"
73-->src\main\AndroidManifest.xml:60:13-36
74            android:screenOrientation="sensor"
74-->src\main\AndroidManifest.xml:58:13-47
75            android:theme="@android:style/Theme.Holo.Light" >
75-->src\main\AndroidManifest.xml:57:13-60
76
77            <!--
78                 This filter says that we can view or edit the data of
79                 a single note
80            -->
81            <intent-filter
81-->src\main\AndroidManifest.xml:64:13-72:29
82                android:label="@string/resolve_edit"
82-->src\main\AndroidManifest.xml:64:28-64
83                android:scheme="http" >
83-->src\main\AndroidManifest.xml:65:17-38
84                <action android:name="android.intent.action.VIEW" />
84-->src\main\AndroidManifest.xml:43:17-69
84-->src\main\AndroidManifest.xml:43:25-66
85                <action android:name="android.intent.action.EDIT" />
85-->src\main\AndroidManifest.xml:44:17-69
85-->src\main\AndroidManifest.xml:44:25-66
86                <action android:name="com.android.notepad.action.EDIT_NOTE" />
86-->src\main\AndroidManifest.xml:69:17-79
86-->src\main\AndroidManifest.xml:69:25-76
87
88                <category android:name="android.intent.category.DEFAULT" />
88-->src\main\AndroidManifest.xml:46:17-76
88-->src\main\AndroidManifest.xml:46:27-73
89
90                <data android:mimeType="vnd.android.cursor.item/vnd.google.note" />
90-->src\main\AndroidManifest.xml:47:17-83
90-->src\main\AndroidManifest.xml:47:23-80
91            </intent-filter>
92
93            <!--
94                 This filter says that we can create a new note inside
95                 of a directory of notes.  The INSERT action creates an
96                 empty note; the PASTE action initializes a new note from
97                 the current contents of the clipboard.
98            -->
99            <intent-filter>
99-->src\main\AndroidManifest.xml:78:13-83:29
100                <action android:name="android.intent.action.INSERT" />
100-->src\main\AndroidManifest.xml:79:17-71
100-->src\main\AndroidManifest.xml:79:25-68
101                <action android:name="android.intent.action.PASTE" />
101-->src\main\AndroidManifest.xml:80:17-70
101-->src\main\AndroidManifest.xml:80:25-67
102
103                <category android:name="android.intent.category.DEFAULT" />
103-->src\main\AndroidManifest.xml:46:17-76
103-->src\main\AndroidManifest.xml:46:27-73
104
105                <data android:mimeType="vnd.android.cursor.dir/vnd.google.note" />
105-->src\main\AndroidManifest.xml:47:17-83
105-->src\main\AndroidManifest.xml:47:23-80
106            </intent-filter>
107        </activity>
108        <activity
108-->src\main\AndroidManifest.xml:87:9-113:20
109            android:name="com.example.android.notepad.TitleEditor"
109-->src\main\AndroidManifest.xml:87:19-45
110            android:exported="true"
110-->src\main\AndroidManifest.xml:92:13-36
111            android:icon="@drawable/ic_menu_edit"
111-->src\main\AndroidManifest.xml:89:13-50
112            android:label="@string/title_edit_title"
112-->src\main\AndroidManifest.xml:88:13-53
113            android:theme="@android:style/Theme.Holo.Dialog"
113-->src\main\AndroidManifest.xml:90:13-61
114            android:windowSoftInputMode="stateVisible" >
114-->src\main\AndroidManifest.xml:91:13-55
115
116            <!--
117                 This activity implements an alternative action that can be
118                 performed on notes: editing their title.  It can be used as
119                 a default operation if the user invokes this action, and is
120                 available as an alternative action for any note data.
121            -->
122            <intent-filter android:label="@string/resolve_title" >
122-->src\main\AndroidManifest.xml:97:13-112:29
122-->src\main\AndroidManifest.xml:97:28-65
123
124                <!--
125                     This is the action we perform.  It is a custom action we
126                     define for our application, not a generic VIEW or EDIT
127                     action since we are not a general note viewer/editor.
128                -->
129                <action android:name="com.android.notepad.action.EDIT_TITLE" />
129-->src\main\AndroidManifest.xml:101:17-80
129-->src\main\AndroidManifest.xml:101:25-77
130                <!-- DEFAULT: execute if being directly invoked. -->
131                <category android:name="android.intent.category.DEFAULT" />
131-->src\main\AndroidManifest.xml:46:17-76
131-->src\main\AndroidManifest.xml:46:27-73
132                <!--
133                     ALTERNATIVE: show as an alternative action when the user is
134                     working with this type of data.
135                -->
136                <category android:name="android.intent.category.ALTERNATIVE" />
136-->src\main\AndroidManifest.xml:106:17-80
136-->src\main\AndroidManifest.xml:106:27-77
137                <!--
138                     SELECTED_ALTERNATIVE: show as an alternative action the user
139                     can perform when selecting this type of data.
140                -->
141                <category android:name="android.intent.category.SELECTED_ALTERNATIVE" />
141-->src\main\AndroidManifest.xml:109:17-89
141-->src\main\AndroidManifest.xml:109:27-86
142                <!-- This is the data type we operate on. -->
143                <data android:mimeType="vnd.android.cursor.item/vnd.google.note" />
143-->src\main\AndroidManifest.xml:47:17-83
143-->src\main\AndroidManifest.xml:47:23-80
144            </intent-filter>
145        </activity>
146        <activity
146-->src\main\AndroidManifest.xml:115:9-122:20
147            android:name="com.example.android.notepad.NotesLiveFolder"
147-->src\main\AndroidManifest.xml:115:19-49
148            android:exported="true"
148-->src\main\AndroidManifest.xml:117:13-36
149            android:icon="@drawable/live_folder_notes"
149-->src\main\AndroidManifest.xml:116:13-55
150            android:label="@string/live_folder_name" >
150-->src\main\AndroidManifest.xml:115:50-90
151            <intent-filter>
151-->src\main\AndroidManifest.xml:118:13-121:29
152                <action android:name="android.intent.action.CREATE_LIVE_FOLDER" />
152-->src\main\AndroidManifest.xml:119:17-83
152-->src\main\AndroidManifest.xml:119:25-80
153
154                <category android:name="android.intent.category.DEFAULT" />
154-->src\main\AndroidManifest.xml:46:17-76
154-->src\main\AndroidManifest.xml:46:27-73
155            </intent-filter>
156        </activity>
157        <activity
157-->src\main\AndroidManifest.xml:123:9-83
158            android:name="com.example.android.notepad.NoteSearch"
158-->src\main\AndroidManifest.xml:123:19-45
159            android:label="@string/menu_search" />
159-->src\main\AndroidManifest.xml:123:46-81
160        <!-- Change background color -->
161
162        <activity
162-->src\main\AndroidManifest.xml:126:9-128:43
163            android:name="com.example.android.notepad.NoteColor"
163-->src\main\AndroidManifest.xml:126:19-43
164            android:label="Select Color"
164-->src\main\AndroidManifest.xml:128:13-41
165            android:theme="@android:style/Theme.Holo.Light.Dialog" />
165-->src\main\AndroidManifest.xml:127:13-67
166    </application>
167
168</manifest>